<?xml version="1.0" encoding="UTF-8"?>
<!-- Generated by org.testng.reporters.JUnitXMLReporter -->
<testsuite ignored="1" hostname="TRD-LAP-80" failures="0" tests="6" name="car" time="1.531" errors="0" timestamp="2024-07-01T11:37:46 IST">
  <testcase classname="Testng_package.Teastng_3" name="Weblogin" time="0.009"/>
  <testcase classname="Testng_package.Teastng_3" name="moblogin" time="0.003"/>
  <testcase classname="Testng_package.Teastng_3" name="mobsignout" time="0.011"/>
  <testcase classname="Testng_package.Teastng_3" name="mobsignout" time="0.061"/>
  <testcase classname="Testng_package.Teastng_3" name="mobsignout" time="0.005"/>
  <testcase classname="Testng_package.Teastng_3" name="loginapi" time="0.001"/>
  <testcase classname="Testng_package.Teastng_3" name="mobsignin" time="0.0">
    <ignored/>
  </testcase> <!-- mobsignin -->
</testsuite> <!-- car -->
