<?xml version="1.0" encoding="UTF-8"?>
<!-- Generated by org.testng.reporters.JUnitXMLReporter -->
<testsuite ignored="4" hostname="TRD-LAP-80" failures="0" tests="0" name="Regression" time="0.153" errors="0" timestamp="2024-07-10T15:25:24 IST">
  <testcase classname="Testng_package.Testng_4" name="mobloginhome" time="0.0">
    <ignored/>
  </testcase> <!-- mobloginhome -->
  <testcase classname="Testng_package.Teastng_3" name="moblogin" time="0.0">
    <ignored/>
  </testcase> <!-- moblogin -->
  <testcase classname="Testng_package.Testng_2" name="day" time="0.0">
    <ignored/>
  </testcase> <!-- day -->
  <testcase classname="Testng_package.Teastng_3" name="mobsignin" time="0.0">
    <ignored/>
  </testcase> <!-- mobsignin -->
</testsuite> <!-- Regression -->
