<?xml version="1.0" encoding="UTF-8"?>
<!-- Generated by org.testng.reporters.JUnitXMLReporter -->
<testsuite ignored="2" hostname="TRD-LAP-80" failures="0" tests="0" time="0.001" errors="0" timestamp="2024-07-11T13:16:14 IST">
  <testcase classname="rahulsheety.Errorvalidation" name="ProductErrorValidation" time="0.0">
    <ignored/>
  </testcase> <!-- ProductErrorValidation -->
  <testcase classname="rahulsheety.Errorvalidation" name="Loginvalidation" time="0.0">
    <ignored/>
  </testcase> <!-- Loginvalidation -->
</testsuite>
