<?xml version="1.0" encoding="UTF-8"?>
<!-- Generated by org.testng.reporters.JUnitXMLReporter -->
<testsuite ignored="1" hostname="TRD-LAP-80" failures="0" tests="2" name="Submit Order" time="39.328" errors="0" timestamp="2024-07-11T13:16:54 IST">
  <testcase classname="rahulsheety.SubmitOrderTest" name="submitorder" time="15.292"/>
  <testcase classname="rahulsheety.SubmitOrderTest" name="submitorder" time="14.793"/>
  <testcase classname="rahulsheety.SubmitOrderTest" name="OrderHistoryTest" time="0.0">
    <ignored/>
  </testcase> <!-- OrderHistoryTest -->
</testsuite> <!-- Submit Order -->
