<?xml version="1.0" encoding="UTF-8"?>
<!-- Generated by org.testng.reporters.JUnitXMLReporter -->
<testsuite ignored="1" hostname="TRD-LAP-80" failures="0" tests="1" name="Error validation" time="4.621" errors="0" timestamp="2024-07-11T13:16:58 IST">
  <testcase classname="rahulsheety.Errorvalidation" name="Loginvalidation" time="1.934"/>
  <testcase classname="rahulsheety.Errorvalidation" name="ProductErrorValidation" time="0.0">
    <ignored/>
  </testcase> <!-- ProductErrorValidation -->
</testsuite> <!-- Error validation -->
