<?xml version="1.0" encoding="UTF-8"?>
<!-- Generated by org.testng.reporters.JUnitXMLReporter -->
<testsuite ignored="0" hostname="TRD-LAP-80" failures="0" tests="3" name="Submit Order" time="48.416" errors="0" timestamp="2024-07-11T13:16:14 IST">
  <testcase classname="rahulsheety.SubmitOrderTest" name="submitorder" time="15.94"/>
  <testcase classname="rahulsheety.SubmitOrderTest" name="submitorder" time="17.056"/>
  <testcase classname="rahulsheety.SubmitOrderTest" name="OrderHistoryTest" time="0.843"/>
</testsuite> <!-- Submit Order -->
