<?xml version="1.0" encoding="UTF-8"?>
<testng-results ignored="0" total="11" passed="10" failed="1" skipped="0">
  <reporter-output>
  </reporter-output>
  <suite started-at="2024-07-01T11:37:44 IST" name="Suite" finished-at="2024-07-01T11:37:46 IST" duration-ms="1531">
    <groups>
      <group name="Smoke">
        <method signature="Testng_2.day()[pri:0, instance:Testng_package.Testng_2@54c562f7]" name="day" class="Testng_package.Testng_2"/>
        <method signature="Testng_4.mobloginhome()[pri:0, instance:Testng_package.Testng_4@318ba8c8]" name="mobloginhome" class="Testng_package.Testng_4"/>
        <method signature="Teastng_3.moblogin()[pri:0, instance:Testng_package.Teastng_3@4b0b0854]" name="moblogin" class="Testng_package.Teastng_3"/>
      </group> <!-- Smoke -->
    </groups>
    <test started-at="2024-07-01T11:37:44 IST" name="Test" finished-at="2024-07-01T11:37:45 IST" duration-ms="626">
      <class name="Testng_package.Testng_4">
        <test-method signature="Webloginhome()[pri:0, instance:Testng_package.Testng_4@318ba8c8]" started-at="2024-07-01T11:37:44 IST" name="Webloginhome" finished-at="2024-07-01T11:37:44 IST" duration-ms="11" status="PASS">
          <reporter-output>
          </reporter-output>
        </test-method> <!-- Webloginhome -->
        <test-method signature="loginapihome()[pri:0, instance:Testng_package.Testng_4@318ba8c8]" started-at="2024-07-01T11:37:45 IST" name="loginapihome" finished-at="2024-07-01T11:37:45 IST" duration-ms="13" status="PASS">
          <reporter-output>
          </reporter-output>
        </test-method> <!-- loginapihome -->
        <test-method signature="mobloginhome()[pri:0, instance:Testng_package.Testng_4@318ba8c8]" started-at="2024-07-01T11:37:45 IST" name="mobloginhome" finished-at="2024-07-01T11:37:45 IST" duration-ms="2" status="PASS">
          <reporter-output>
          </reporter-output>
        </test-method> <!-- mobloginhome -->
      </class> <!-- Testng_package.Testng_4 -->
      <class name="Testng_package.Testng_2">
        <test-method is-config="true" signature="prereqsuite()[pri:0, instance:Testng_package.Testng_2@54c562f7]" started-at="2024-07-01T11:37:44 IST" name="prereqsuite" finished-at="2024-07-01T11:37:44 IST" duration-ms="20" status="PASS">
          <reporter-output>
          </reporter-output>
        </test-method> <!-- prereqsuite -->
        <test-method signature="day()[pri:0, instance:Testng_package.Testng_2@54c562f7]" started-at="2024-07-01T11:37:44 IST" name="day" finished-at="2024-07-01T11:37:44 IST" duration-ms="19" status="PASS">
          <reporter-output>
          </reporter-output>
        </test-method> <!-- day -->
      </class> <!-- Testng_package.Testng_2 -->
      <class name="Testng_package.Testng_demo">
        <test-method signature="demo()[pri:0, instance:Testng_package.Testng_demo@4445629]" started-at="2024-07-01T11:37:44 IST" name="demo" finished-at="2024-07-01T11:37:44 IST" duration-ms="36" status="FAIL">
          <exception class="java.lang.AssertionError">
            <message>
              <![CDATA[expected [true] but found [false]]]>
            </message>
            <full-stacktrace>
              <![CDATA[java.lang.AssertionError: expected [true] but found [false]
at org.testng.Assert.fail(Assert.java:111)
at org.testng.Assert.failNotEquals(Assert.java:1578)
at org.testng.Assert.assertTrue(Assert.java:57)
at org.testng.Assert.assertTrue(Assert.java:67)
at Testng_package.Testng_demo.demo(Testng_demo.java:18)
at java.base/jdk.internal.reflect.DirectMethodHandleAccessor.invoke(DirectMethodHandleAccessor.java:103)
at java.base/java.lang.reflect.Method.invoke(Method.java:580)
at org.testng.internal.invokers.MethodInvocationHelper.invokeMethod(MethodInvocationHelper.java:141)
at org.testng.internal.invokers.TestInvoker.invokeMethod(TestInvoker.java:686)
at org.testng.internal.invokers.TestInvoker.invokeTestMethod(TestInvoker.java:230)
at org.testng.internal.invokers.MethodRunner.runInSequence(MethodRunner.java:63)
at org.testng.internal.invokers.TestInvoker$MethodInvocationAgent.invoke(TestInvoker.java:992)
at org.testng.internal.invokers.TestInvoker.invokeTestMethods(TestInvoker.java:203)
at org.testng.internal.invokers.TestMethodWorker.invokeTestMethods(TestMethodWorker.java:154)
at org.testng.internal.invokers.TestMethodWorker.run(TestMethodWorker.java:134)
at java.base/java.util.ArrayList.forEach(ArrayList.java:1597)
at org.testng.TestRunner.privateRun(TestRunner.java:739)
at org.testng.TestRunner.run(TestRunner.java:614)
at org.testng.SuiteRunner.runTest(SuiteRunner.java:421)
at org.testng.SuiteRunner$SuiteWorker.run(SuiteRunner.java:463)
at org.testng.internal.thread.ThreadUtil.lambda$execute$0(ThreadUtil.java:64)
at java.base/java.util.concurrent.FutureTask.run(FutureTask.java:317)
at java.base/java.util.concurrent.ThreadPoolExecutor.runWorker(ThreadPoolExecutor.java:1144)
at java.base/java.util.concurrent.ThreadPoolExecutor$Worker.run(ThreadPoolExecutor.java:642)
at java.base/java.lang.Thread.run(Thread.java:1570)
]]>
            </full-stacktrace>
          </exception> <!-- java.lang.AssertionError -->
          <reporter-output>
          </reporter-output>
        </test-method> <!-- demo -->
        <test-method is-config="true" signature="lastexceut()[pri:0, instance:Testng_package.Testng_demo@4445629]" started-at="2024-07-01T11:37:45 IST" name="lastexceut" finished-at="2024-07-01T11:37:45 IST" duration-ms="2" status="PASS">
          <reporter-output>
          </reporter-output>
        </test-method> <!-- lastexceut -->
      </class> <!-- Testng_package.Testng_demo -->
    </test> <!-- Test -->
    <test started-at="2024-07-01T11:37:44 IST" name="car" finished-at="2024-07-01T11:37:46 IST" duration-ms="1531">
      <class name="Testng_package.Teastng_3">
        <test-method is-config="true" signature="firstsuite()[pri:0, instance:Testng_package.Teastng_3@4b0b0854]" started-at="2024-07-01T11:37:44 IST" name="firstsuite" finished-at="2024-07-01T11:37:44 IST" duration-ms="35" status="PASS">
          <reporter-output>
          </reporter-output>
        </test-method> <!-- firstsuite -->
        <test-method is-config="true" signature="beforeclass()[pri:0, instance:Testng_package.Teastng_3@4b0b0854]" started-at="2024-07-01T11:37:44 IST" name="beforeclass" finished-at="2024-07-01T11:37:44 IST" duration-ms="3" status="PASS">
          <reporter-output>
          </reporter-output>
        </test-method> <!-- beforeclass -->
        <test-method is-config="true" signature="beforeevery()[pri:0, instance:Testng_package.Teastng_3@4b0b0854]" started-at="2024-07-01T11:37:44 IST" name="beforeevery" finished-at="2024-07-01T11:37:44 IST" duration-ms="3" status="PASS">
          <reporter-output>
          </reporter-output>
        </test-method> <!-- beforeevery -->
        <test-method signature="Weblogin(java.lang.String,java.lang.String)[pri:0, instance:Testng_package.Teastng_3@4b0b0854]" started-at="2024-07-01T11:37:44 IST" name="Weblogin" finished-at="2024-07-01T11:37:44 IST" duration-ms="9" status="PASS">
          <params>
            <param index="0">
              <value>
                <![CDATA[carloan.com]]>
              </value>
            </param>
            <param index="1">
              <value>
                <![CDATA[123456]]>
              </value>
            </param>
          </params>
          <reporter-output>
          </reporter-output>
        </test-method> <!-- Weblogin -->
        <test-method is-config="true" signature="Aftereevery()[pri:0, instance:Testng_package.Teastng_3@4b0b0854]" started-at="2024-07-01T11:37:44 IST" name="Aftereevery" finished-at="2024-07-01T11:37:44 IST" duration-ms="3" status="PASS">
          <reporter-output>
          </reporter-output>
        </test-method> <!-- Aftereevery -->
        <test-method is-config="true" signature="beforeevery()[pri:0, instance:Testng_package.Teastng_3@4b0b0854]" started-at="2024-07-01T11:37:44 IST" name="beforeevery" finished-at="2024-07-01T11:37:44 IST" duration-ms="120" status="PASS">
          <reporter-output>
          </reporter-output>
        </test-method> <!-- beforeevery -->
        <test-method signature="moblogin()[pri:0, instance:Testng_package.Teastng_3@4b0b0854]" started-at="2024-07-01T11:37:44 IST" name="moblogin" finished-at="2024-07-01T11:37:44 IST" duration-ms="3" status="PASS">
          <reporter-output>
          </reporter-output>
        </test-method> <!-- moblogin -->
        <test-method is-config="true" signature="Aftereevery()[pri:0, instance:Testng_package.Teastng_3@4b0b0854]" started-at="2024-07-01T11:37:44 IST" name="Aftereevery" finished-at="2024-07-01T11:37:44 IST" duration-ms="4" status="PASS">
          <reporter-output>
          </reporter-output>
        </test-method> <!-- Aftereevery -->
        <test-method is-config="true" signature="beforeevery()[pri:0, instance:Testng_package.Teastng_3@4b0b0854]" started-at="2024-07-01T11:37:44 IST" name="beforeevery" finished-at="2024-07-01T11:37:44 IST" duration-ms="15" status="PASS">
          <reporter-output>
          </reporter-output>
        </test-method> <!-- beforeevery -->
        <test-method signature="mobsignout(java.lang.String,java.lang.String)[pri:0, instance:Testng_package.Teastng_3@4b0b0854]" started-at="2024-07-01T11:37:44 IST" name="mobsignout" data-provider="getData" finished-at="2024-07-01T11:37:44 IST" duration-ms="11" status="PASS">
          <params>
            <param index="0">
              <value>
                <![CDATA[firstsetusername]]>
              </value>
            </param>
            <param index="1">
              <value>
                <![CDATA[firstPassword]]>
              </value>
            </param>
          </params>
          <reporter-output>
          </reporter-output>
        </test-method> <!-- mobsignout -->
        <test-method is-config="true" signature="Aftereevery()[pri:0, instance:Testng_package.Teastng_3@4b0b0854]" started-at="2024-07-01T11:37:44 IST" name="Aftereevery" finished-at="2024-07-01T11:37:45 IST" duration-ms="184" status="PASS">
          <reporter-output>
          </reporter-output>
        </test-method> <!-- Aftereevery -->
        <test-method is-config="true" signature="beforeevery()[pri:0, instance:Testng_package.Teastng_3@4b0b0854]" started-at="2024-07-01T11:37:45 IST" name="beforeevery" finished-at="2024-07-01T11:37:45 IST" duration-ms="17" status="PASS">
          <reporter-output>
          </reporter-output>
        </test-method> <!-- beforeevery -->
        <test-method signature="mobsignout(java.lang.String,java.lang.String)[pri:0, instance:Testng_package.Teastng_3@4b0b0854]" started-at="2024-07-01T11:37:45 IST" name="mobsignout" data-provider="getData" finished-at="2024-07-01T11:37:45 IST" duration-ms="61" status="PASS">
          <params>
            <param index="0">
              <value>
                <![CDATA[secondsetusername]]>
              </value>
            </param>
            <param index="1">
              <value>
                <![CDATA[secondpassword]]>
              </value>
            </param>
          </params>
          <reporter-output>
          </reporter-output>
        </test-method> <!-- mobsignout -->
        <test-method is-config="true" signature="Aftereevery()[pri:0, instance:Testng_package.Teastng_3@4b0b0854]" started-at="2024-07-01T11:37:45 IST" name="Aftereevery" finished-at="2024-07-01T11:37:45 IST" duration-ms="3" status="PASS">
          <reporter-output>
          </reporter-output>
        </test-method> <!-- Aftereevery -->
        <test-method is-config="true" signature="beforeevery()[pri:0, instance:Testng_package.Teastng_3@4b0b0854]" started-at="2024-07-01T11:37:45 IST" name="beforeevery" finished-at="2024-07-01T11:37:45 IST" duration-ms="2" status="PASS">
          <reporter-output>
          </reporter-output>
        </test-method> <!-- beforeevery -->
        <test-method signature="mobsignout(java.lang.String,java.lang.String)[pri:0, instance:Testng_package.Teastng_3@4b0b0854]" started-at="2024-07-01T11:37:45 IST" name="mobsignout" data-provider="getData" finished-at="2024-07-01T11:37:45 IST" duration-ms="5" status="PASS">
          <params>
            <param index="0">
              <value>
                <![CDATA[thirdsetusername]]>
              </value>
            </param>
            <param index="1">
              <value>
                <![CDATA[thirdpassword]]>
              </value>
            </param>
          </params>
          <reporter-output>
          </reporter-output>
        </test-method> <!-- mobsignout -->
        <test-method is-config="true" signature="Aftereevery()[pri:0, instance:Testng_package.Teastng_3@4b0b0854]" started-at="2024-07-01T11:37:45 IST" name="Aftereevery" finished-at="2024-07-01T11:37:45 IST" duration-ms="2" status="PASS">
          <reporter-output>
          </reporter-output>
        </test-method> <!-- Aftereevery -->
        <test-method is-config="true" signature="beforeevery()[pri:0, instance:Testng_package.Teastng_3@4b0b0854]" started-at="2024-07-01T11:37:45 IST" name="beforeevery" finished-at="2024-07-01T11:37:45 IST" duration-ms="2" status="PASS">
          <reporter-output>
          </reporter-output>
        </test-method> <!-- beforeevery -->
        <test-method signature="loginapi()[pri:0, instance:Testng_package.Teastng_3@4b0b0854]" started-at="2024-07-01T11:37:45 IST" name="loginapi" finished-at="2024-07-01T11:37:45 IST" depends-on-methods="Testng_package.Teastng_3.Weblogin" duration-ms="1" status="PASS">
          <reporter-output>
          </reporter-output>
        </test-method> <!-- loginapi -->
        <test-method is-config="true" signature="Aftereevery()[pri:0, instance:Testng_package.Teastng_3@4b0b0854]" started-at="2024-07-01T11:37:45 IST" name="Aftereevery" finished-at="2024-07-01T11:37:46 IST" duration-ms="792" status="PASS">
          <reporter-output>
          </reporter-output>
        </test-method> <!-- Aftereevery -->
        <test-method is-config="true" signature="Afterclass()[pri:0, instance:Testng_package.Teastng_3@4b0b0854]" started-at="2024-07-01T11:37:46 IST" name="Afterclass" finished-at="2024-07-01T11:37:46 IST" duration-ms="4" status="PASS">
          <reporter-output>
          </reporter-output>
        </test-method> <!-- Afterclass -->
      </class> <!-- Testng_package.Teastng_3 -->
      <class name="Testng_package.Testng_demo">
        <test-method is-config="true" signature="lastsuite()[pri:0, instance:Testng_package.Testng_demo@4445629]" started-at="2024-07-01T11:37:46 IST" name="lastsuite" finished-at="2024-07-01T11:37:46 IST" duration-ms="2" status="PASS">
          <reporter-output>
          </reporter-output>
        </test-method> <!-- lastsuite -->
      </class> <!-- Testng_package.Testng_demo -->
    </test> <!-- car -->
  </suite> <!-- Suite -->
</testng-results>
